<html>
<head>
<title>TestNG:  Automation Test Report</title>
<link href="../testng.css" rel="stylesheet" type="text/css" />
<link href="../my-testng.css" rel="stylesheet" type="text/css" />

<style type="text/css">
.log { display: none;} 
.stack-trace { display: none;} 
</style>
<script type="text/javascript">
<!--
function flip(e) {
  current = e.style.display;
  if (current == 'block') {
    e.style.display = 'none';
    return 0;
  }
  else {
    e.style.display = 'block';
    return 1;
  }
}

function toggleBox(szDivId, elem, msg1, msg2)
{
  var res = -1;  if (document.getElementById) {
    res = flip(document.getElementById(szDivId));
  }
  else if (document.all) {
    // this is the way old msie versions work
    res = flip(document.all[szDivId]);
  }
  if(elem) {
    if(res == 0) elem.innerHTML = msg1; else elem.innerHTML = msg2;
  }

}

function toggleAllBoxes() {
  if (document.getElementsByTagName) {
    d = document.getElementsByTagName('div');
    for (i = 0; i < d.length; i++) {
      if (d[i].className == 'log') {
        flip(d[i]);
      }
    }
  }
}

// -->
</script>

</head>
<body>
<h2 align='center'>Automation Test Report</h2><table border='1' align="center">
<tr>
<td>Tests passed/Failed/Skipped:</td><td>4/5/0</td>
</tr><tr>
<td>Started on:</td><td>Thu Jun 13 16:33:09 BST 2019</td>
</tr>
<tr><td>Total time:</td><td>108 seconds (108854 ms)</td>
</tr><tr>
<td>Included groups:</td><td></td>
</tr><tr>
<td>Excluded groups:</td><td></td>
</tr>
</table><p/>
<small><i>(Hover the method name to see the test class name)</i></small><p/>
<table width='100%' border='1' class='invocation-failed'>
<tr><td colspan='4' align='center'><b>FAILED TESTS</b></td></tr>
<tr><td><b>Test method</b></td>
<td width="30%"><b>Exception</b></td>
<td width="10%"><b>Time (seconds)</b></td>
<td><b>Instance</b></td>
</tr>
<tr>
<td title='com.testautomation.TestRunner.TestRunner.feature()'><b>feature</b><br>Test class: com.testautomation.TestRunner.TestRunner<br>Parameters: "Youtube channel name validations", "Youtube channel name validation"</td>
<td><div><pre>org.openqa.selenium.NoSuchSessionException: Session ID is null. Using WebDriver after calling quit()?
Build info: version: &apos;3.11.0&apos;, revision: &apos;e59cfb3&apos;, time: &apos;2018-03-11T20:26:55.152Z&apos;
System info: host: &apos;Giridhars-MacBook-Air.local&apos;, ip: &apos;fe80:0:0:0:d2:bd0a:b0b5:290e%en0&apos;, os.name: &apos;Mac OS X&apos;, os.arch: &apos;x86_64&apos;, os.version: &apos;10.14.4&apos;, java.version: &apos;1.8.0_191&apos;
Driver info: driver.version: RemoteWebDriver
	at org.openqa.selenium.remote.HttpCommandExecutor.execute(HttpCommandExecutor.java:125)
	at org.openqa.selenium.remote.service.DriverCommandExecutor.execute(DriverCommandExecutor.java:83)
	at org.openqa.selenium.remote.RemoteWebDriver.execute(RemoteWebDriver.java:545)
	at org.openqa.selenium.remote.RemoteWebDriver.execute(RemoteWebDriver.java:602)
	at org.openqa.selenium.remote.RemoteWebDriver.getScreenshotAs(RemoteWebDriver.java:291)
	at com.testautomation.Listeners.ExtentReportListener.captureScreenShot(ExtentReportListener.java:73)
	at com.testautomation.Listeners.ExtentReportListener.testStepHandle(ExtentReportListener.java:52)
	at com.testautomation.StepDef.YoutubeChannelValidationsStepDef.validate_channel_name(YoutubeChannelValidationsStepDef.java:125)
	at ✽.Validate channel name(./features/YoutubeChannelValidation.feature:31)
</pre></div><a href='#' onClick='toggleBox("stack-trace651100276", this, "Click to show all stack frames", "Click to hide stack frames")'>Click to show all stack frames</a>
<div class='stack-trace' id='stack-trace651100276'><pre>org.openqa.selenium.NoSuchSessionException: Session ID is null. Using WebDriver after calling quit()?
Build info: version: &apos;3.11.0&apos;, revision: &apos;e59cfb3&apos;, time: &apos;2018-03-11T20:26:55.152Z&apos;
System info: host: &apos;Giridhars-MacBook-Air.local&apos;, ip: &apos;fe80:0:0:0:d2:bd0a:b0b5:290e%en0&apos;, os.name: &apos;Mac OS X&apos;, os.arch: &apos;x86_64&apos;, os.version: &apos;10.14.4&apos;, java.version: &apos;1.8.0_191&apos;
Driver info: driver.version: RemoteWebDriver
	at org.openqa.selenium.remote.HttpCommandExecutor.execute(HttpCommandExecutor.java:125)
	at org.openqa.selenium.remote.service.DriverCommandExecutor.execute(DriverCommandExecutor.java:83)
	at org.openqa.selenium.remote.RemoteWebDriver.execute(RemoteWebDriver.java:545)
	at org.openqa.selenium.remote.RemoteWebDriver.execute(RemoteWebDriver.java:602)
	at org.openqa.selenium.remote.RemoteWebDriver.getScreenshotAs(RemoteWebDriver.java:291)
	at com.testautomation.Listeners.ExtentReportListener.captureScreenShot(ExtentReportListener.java:73)
	at com.testautomation.Listeners.ExtentReportListener.testStepHandle(ExtentReportListener.java:52)
	at com.testautomation.StepDef.YoutubeChannelValidationsStepDef.validate_channel_name(YoutubeChannelValidationsStepDef.java:125)
	at ✽.Validate channel name(./features/YoutubeChannelValidation.feature:31)
</pre></div></td>
<td>84</td>
<td>com.testautomation.TestRunner.TestRunner@1e127982</td></tr>
<tr>
<td title='com.testautomation.TestRunner.TestRunner.feature()'><b>feature</b><br>Test class: com.testautomation.TestRunner.TestRunner<br>Parameters: "Youtube channel name validations", "Youtube channel name validation"</td>
<td><div><pre>org.openqa.selenium.NoSuchSessionException: Session ID is null. Using WebDriver after calling quit()?
Build info: version: &apos;3.11.0&apos;, revision: &apos;e59cfb3&apos;, time: &apos;2018-03-11T20:26:55.152Z&apos;
System info: host: &apos;Giridhars-MacBook-Air.local&apos;, ip: &apos;fe80:0:0:0:d2:bd0a:b0b5:290e%en0&apos;, os.name: &apos;Mac OS X&apos;, os.arch: &apos;x86_64&apos;, os.version: &apos;10.14.4&apos;, java.version: &apos;1.8.0_191&apos;
Driver info: driver.version: RemoteWebDriver
	at org.openqa.selenium.remote.HttpCommandExecutor.execute(HttpCommandExecutor.java:125)
	at org.openqa.selenium.remote.service.DriverCommandExecutor.execute(DriverCommandExecutor.java:83)
	at org.openqa.selenium.remote.RemoteWebDriver.execute(RemoteWebDriver.java:545)
	at org.openqa.selenium.remote.RemoteWebDriver.execute(RemoteWebDriver.java:602)
	at org.openqa.selenium.remote.RemoteWebDriver.getScreenshotAs(RemoteWebDriver.java:291)
	at com.testautomation.Listeners.ExtentReportListener.captureScreenShot(ExtentReportListener.java:73)
	at com.testautomation.Listeners.ExtentReportListener.testStepHandle(ExtentReportListener.java:52)
	at com.testautomation.StepDef.YoutubeChannelValidationsStepDef.validate_channel_name(YoutubeChannelValidationsStepDef.java:125)
	at ✽.Validate channel name(./features/YoutubeChannelValidation.feature:7)
</pre></div><a href='#' onClick='toggleBox("stack-trace1714387835", this, "Click to show all stack frames", "Click to hide stack frames")'>Click to show all stack frames</a>
<div class='stack-trace' id='stack-trace1714387835'><pre>org.openqa.selenium.NoSuchSessionException: Session ID is null. Using WebDriver after calling quit()?
Build info: version: &apos;3.11.0&apos;, revision: &apos;e59cfb3&apos;, time: &apos;2018-03-11T20:26:55.152Z&apos;
System info: host: &apos;Giridhars-MacBook-Air.local&apos;, ip: &apos;fe80:0:0:0:d2:bd0a:b0b5:290e%en0&apos;, os.name: &apos;Mac OS X&apos;, os.arch: &apos;x86_64&apos;, os.version: &apos;10.14.4&apos;, java.version: &apos;1.8.0_191&apos;
Driver info: driver.version: RemoteWebDriver
	at org.openqa.selenium.remote.HttpCommandExecutor.execute(HttpCommandExecutor.java:125)
	at org.openqa.selenium.remote.service.DriverCommandExecutor.execute(DriverCommandExecutor.java:83)
	at org.openqa.selenium.remote.RemoteWebDriver.execute(RemoteWebDriver.java:545)
	at org.openqa.selenium.remote.RemoteWebDriver.execute(RemoteWebDriver.java:602)
	at org.openqa.selenium.remote.RemoteWebDriver.getScreenshotAs(RemoteWebDriver.java:291)
	at com.testautomation.Listeners.ExtentReportListener.captureScreenShot(ExtentReportListener.java:73)
	at com.testautomation.Listeners.ExtentReportListener.testStepHandle(ExtentReportListener.java:52)
	at com.testautomation.StepDef.YoutubeChannelValidationsStepDef.validate_channel_name(YoutubeChannelValidationsStepDef.java:125)
	at ✽.Validate channel name(./features/YoutubeChannelValidation.feature:7)
</pre></div></td>
<td>84</td>
<td>com.testautomation.TestRunner.TestRunner@1e127982</td></tr>
<tr>
<td title='com.testautomation.TestRunner.TestRunner.feature()'><b>feature</b><br>Test class: com.testautomation.TestRunner.TestRunner<br>Parameters: "Youtube channel name validations", "Youtube channel name validation"</td>
<td><div><pre>org.openqa.selenium.NoSuchSessionException: Session ID is null. Using WebDriver after calling quit()?
Build info: version: &apos;3.11.0&apos;, revision: &apos;e59cfb3&apos;, time: &apos;2018-03-11T20:26:55.152Z&apos;
System info: host: &apos;Giridhars-MacBook-Air.local&apos;, ip: &apos;fe80:0:0:0:d2:bd0a:b0b5:290e%en0&apos;, os.name: &apos;Mac OS X&apos;, os.arch: &apos;x86_64&apos;, os.version: &apos;10.14.4&apos;, java.version: &apos;1.8.0_191&apos;
Driver info: driver.version: RemoteWebDriver
	at org.openqa.selenium.remote.HttpCommandExecutor.execute(HttpCommandExecutor.java:125)
	at org.openqa.selenium.remote.service.DriverCommandExecutor.execute(DriverCommandExecutor.java:83)
	at org.openqa.selenium.remote.RemoteWebDriver.execute(RemoteWebDriver.java:545)
	at org.openqa.selenium.remote.RemoteWebDriver.execute(RemoteWebDriver.java:602)
	at org.openqa.selenium.remote.RemoteWebDriver.getScreenshotAs(RemoteWebDriver.java:291)
	at com.testautomation.Listeners.ExtentReportListener.captureScreenShot(ExtentReportListener.java:73)
	at com.testautomation.Listeners.ExtentReportListener.testStepHandle(ExtentReportListener.java:52)
	at com.testautomation.StepDef.YoutubeChannelValidationsStepDef.validate_channel_name(YoutubeChannelValidationsStepDef.java:125)
	at ✽.Validate channel name(./features/YoutubeChannelValidation.feature:43)
</pre></div><a href='#' onClick='toggleBox("stack-trace932490005", this, "Click to show all stack frames", "Click to hide stack frames")'>Click to show all stack frames</a>
<div class='stack-trace' id='stack-trace932490005'><pre>org.openqa.selenium.NoSuchSessionException: Session ID is null. Using WebDriver after calling quit()?
Build info: version: &apos;3.11.0&apos;, revision: &apos;e59cfb3&apos;, time: &apos;2018-03-11T20:26:55.152Z&apos;
System info: host: &apos;Giridhars-MacBook-Air.local&apos;, ip: &apos;fe80:0:0:0:d2:bd0a:b0b5:290e%en0&apos;, os.name: &apos;Mac OS X&apos;, os.arch: &apos;x86_64&apos;, os.version: &apos;10.14.4&apos;, java.version: &apos;1.8.0_191&apos;
Driver info: driver.version: RemoteWebDriver
	at org.openqa.selenium.remote.HttpCommandExecutor.execute(HttpCommandExecutor.java:125)
	at org.openqa.selenium.remote.service.DriverCommandExecutor.execute(DriverCommandExecutor.java:83)
	at org.openqa.selenium.remote.RemoteWebDriver.execute(RemoteWebDriver.java:545)
	at org.openqa.selenium.remote.RemoteWebDriver.execute(RemoteWebDriver.java:602)
	at org.openqa.selenium.remote.RemoteWebDriver.getScreenshotAs(RemoteWebDriver.java:291)
	at com.testautomation.Listeners.ExtentReportListener.captureScreenShot(ExtentReportListener.java:73)
	at com.testautomation.Listeners.ExtentReportListener.testStepHandle(ExtentReportListener.java:52)
	at com.testautomation.StepDef.YoutubeChannelValidationsStepDef.validate_channel_name(YoutubeChannelValidationsStepDef.java:125)
	at ✽.Validate channel name(./features/YoutubeChannelValidation.feature:43)
</pre></div></td>
<td>85</td>
<td>com.testautomation.TestRunner.TestRunner@1e127982</td></tr>
<tr>
<td title='com.testautomation.TestRunner.TestRunner.feature()'><b>feature</b><br>Test class: com.testautomation.TestRunner.TestRunner<br>Parameters: "Youtube channel name validations", "Youtube channel name validation"</td>
<td><div><pre>org.openqa.selenium.NoSuchSessionException: Session ID is null. Using WebDriver after calling quit()?
Build info: version: &apos;3.11.0&apos;, revision: &apos;e59cfb3&apos;, time: &apos;2018-03-11T20:26:55.152Z&apos;
System info: host: &apos;Giridhars-MacBook-Air.local&apos;, ip: &apos;fe80:0:0:0:d2:bd0a:b0b5:290e%en0&apos;, os.name: &apos;Mac OS X&apos;, os.arch: &apos;x86_64&apos;, os.version: &apos;10.14.4&apos;, java.version: &apos;1.8.0_191&apos;
Driver info: driver.version: RemoteWebDriver
	at org.openqa.selenium.remote.HttpCommandExecutor.execute(HttpCommandExecutor.java:125)
	at org.openqa.selenium.remote.service.DriverCommandExecutor.execute(DriverCommandExecutor.java:83)
	at org.openqa.selenium.remote.RemoteWebDriver.execute(RemoteWebDriver.java:545)
	at org.openqa.selenium.remote.RemoteWebDriver.execute(RemoteWebDriver.java:602)
	at org.openqa.selenium.remote.RemoteWebDriver.getScreenshotAs(RemoteWebDriver.java:291)
	at com.testautomation.Listeners.ExtentReportListener.captureScreenShot(ExtentReportListener.java:73)
	at com.testautomation.Listeners.ExtentReportListener.testStepHandle(ExtentReportListener.java:52)
	at com.testautomation.StepDef.YoutubeChannelValidationsStepDef.validate_channel_name(YoutubeChannelValidationsStepDef.java:125)
	at ✽.Validate channel name(./features/YoutubeChannelValidation.feature:37)
</pre></div><a href='#' onClick='toggleBox("stack-trace243079289", this, "Click to show all stack frames", "Click to hide stack frames")'>Click to show all stack frames</a>
<div class='stack-trace' id='stack-trace243079289'><pre>org.openqa.selenium.NoSuchSessionException: Session ID is null. Using WebDriver after calling quit()?
Build info: version: &apos;3.11.0&apos;, revision: &apos;e59cfb3&apos;, time: &apos;2018-03-11T20:26:55.152Z&apos;
System info: host: &apos;Giridhars-MacBook-Air.local&apos;, ip: &apos;fe80:0:0:0:d2:bd0a:b0b5:290e%en0&apos;, os.name: &apos;Mac OS X&apos;, os.arch: &apos;x86_64&apos;, os.version: &apos;10.14.4&apos;, java.version: &apos;1.8.0_191&apos;
Driver info: driver.version: RemoteWebDriver
	at org.openqa.selenium.remote.HttpCommandExecutor.execute(HttpCommandExecutor.java:125)
	at org.openqa.selenium.remote.service.DriverCommandExecutor.execute(DriverCommandExecutor.java:83)
	at org.openqa.selenium.remote.RemoteWebDriver.execute(RemoteWebDriver.java:545)
	at org.openqa.selenium.remote.RemoteWebDriver.execute(RemoteWebDriver.java:602)
	at org.openqa.selenium.remote.RemoteWebDriver.getScreenshotAs(RemoteWebDriver.java:291)
	at com.testautomation.Listeners.ExtentReportListener.captureScreenShot(ExtentReportListener.java:73)
	at com.testautomation.Listeners.ExtentReportListener.testStepHandle(ExtentReportListener.java:52)
	at com.testautomation.StepDef.YoutubeChannelValidationsStepDef.validate_channel_name(YoutubeChannelValidationsStepDef.java:125)
	at ✽.Validate channel name(./features/YoutubeChannelValidation.feature:37)
</pre></div></td>
<td>87</td>
<td>com.testautomation.TestRunner.TestRunner@1e127982</td></tr>
<tr>
<td title='com.testautomation.TestRunner.TestRunner.feature()'><b>feature</b><br>Test class: com.testautomation.TestRunner.TestRunner<br>Parameters: "Youtube channel name validations", "Youtube channel name validation"</td>
<td><div><pre>org.openqa.selenium.NoSuchSessionException: Session ID is null. Using WebDriver after calling quit()?
Build info: version: &apos;3.11.0&apos;, revision: &apos;e59cfb3&apos;, time: &apos;2018-03-11T20:26:55.152Z&apos;
System info: host: &apos;Giridhars-MacBook-Air.local&apos;, ip: &apos;fe80:0:0:0:d2:bd0a:b0b5:290e%en0&apos;, os.name: &apos;Mac OS X&apos;, os.arch: &apos;x86_64&apos;, os.version: &apos;10.14.4&apos;, java.version: &apos;1.8.0_191&apos;
Driver info: driver.version: RemoteWebDriver
	at org.openqa.selenium.remote.HttpCommandExecutor.execute(HttpCommandExecutor.java:125)
	at org.openqa.selenium.remote.service.DriverCommandExecutor.execute(DriverCommandExecutor.java:83)
	at org.openqa.selenium.remote.RemoteWebDriver.execute(RemoteWebDriver.java:545)
	at org.openqa.selenium.remote.RemoteWebDriver.execute(RemoteWebDriver.java:602)
	at org.openqa.selenium.remote.RemoteWebDriver.getScreenshotAs(RemoteWebDriver.java:291)
	at com.testautomation.Listeners.ExtentReportListener.captureScreenShot(ExtentReportListener.java:73)
	at com.testautomation.Listeners.ExtentReportListener.testStepHandle(ExtentReportListener.java:52)
	at com.testautomation.StepDef.YoutubeChannelValidationsStepDef.click_on_channel_name(YoutubeChannelValidationsStepDef.java:106)
	at ✽.Click on channel name(./features/YoutubeChannelValidation.feature:12)
</pre></div><a href='#' onClick='toggleBox("stack-trace369530959", this, "Click to show all stack frames", "Click to hide stack frames")'>Click to show all stack frames</a>
<div class='stack-trace' id='stack-trace369530959'><pre>org.openqa.selenium.NoSuchSessionException: Session ID is null. Using WebDriver after calling quit()?
Build info: version: &apos;3.11.0&apos;, revision: &apos;e59cfb3&apos;, time: &apos;2018-03-11T20:26:55.152Z&apos;
System info: host: &apos;Giridhars-MacBook-Air.local&apos;, ip: &apos;fe80:0:0:0:d2:bd0a:b0b5:290e%en0&apos;, os.name: &apos;Mac OS X&apos;, os.arch: &apos;x86_64&apos;, os.version: &apos;10.14.4&apos;, java.version: &apos;1.8.0_191&apos;
Driver info: driver.version: RemoteWebDriver
	at org.openqa.selenium.remote.HttpCommandExecutor.execute(HttpCommandExecutor.java:125)
	at org.openqa.selenium.remote.service.DriverCommandExecutor.execute(DriverCommandExecutor.java:83)
	at org.openqa.selenium.remote.RemoteWebDriver.execute(RemoteWebDriver.java:545)
	at org.openqa.selenium.remote.RemoteWebDriver.execute(RemoteWebDriver.java:602)
	at org.openqa.selenium.remote.RemoteWebDriver.getScreenshotAs(RemoteWebDriver.java:291)
	at com.testautomation.Listeners.ExtentReportListener.captureScreenShot(ExtentReportListener.java:73)
	at com.testautomation.Listeners.ExtentReportListener.testStepHandle(ExtentReportListener.java:52)
	at com.testautomation.StepDef.YoutubeChannelValidationsStepDef.click_on_channel_name(YoutubeChannelValidationsStepDef.java:106)
	at ✽.Click on channel name(./features/YoutubeChannelValidation.feature:12)
</pre></div></td>
<td>98</td>
<td>com.testautomation.TestRunner.TestRunner@1e127982</td></tr>
</table><p>
<table width='100%' border='1' class='invocation-passed'>
<tr><td colspan='4' align='center'><b>PASSED TESTS</b></td></tr>
<tr><td><b>Test method</b></td>
<td width="30%"><b>Exception</b></td>
<td width="10%"><b>Time (seconds)</b></td>
<td><b>Instance</b></td>
</tr>
<tr>
<td title='com.testautomation.TestRunner.TestRunner.feature()'><b>feature</b><br>Test class: com.testautomation.TestRunner.TestRunner<br>Parameters: "Youtube channel name validations", "Youtube channel name validation"</td>
<td></td>
<td>106</td>
<td>com.testautomation.TestRunner.TestRunner@1e127982</td></tr>
<tr>
<td title='com.testautomation.TestRunner.TestRunner.feature()'><b>feature</b><br>Test class: com.testautomation.TestRunner.TestRunner<br>Parameters: "Youtube channel name validations", "Youtube channel name validation"</td>
<td></td>
<td>107</td>
<td>com.testautomation.TestRunner.TestRunner@1e127982</td></tr>
<tr>
<td title='com.testautomation.TestRunner.TestRunner.feature()'><b>feature</b><br>Test class: com.testautomation.TestRunner.TestRunner<br>Parameters: "Youtube channel name validations", "Youtube channel name validation"</td>
<td></td>
<td>107</td>
<td>com.testautomation.TestRunner.TestRunner@1e127982</td></tr>
<tr>
<td title='com.testautomation.TestRunner.TestRunner.feature()'><b>feature</b><br>Test class: com.testautomation.TestRunner.TestRunner<br>Parameters: "Youtube channel name validations", "Youtube channel name validation"</td>
<td></td>
<td>108</td>
<td>com.testautomation.TestRunner.TestRunner@1e127982</td></tr>
</table><p>
</body>
</html>