<?xml version="1.0" encoding="UTF-8"?>
<!-- Generated by org.testng.reporters.JUnitXMLReporter -->
<testsuite hostname="Giridhars-MacBook-Air.local" ignored="0" name="Automation Test Report" tests="9" failures="5" timestamp="13 Jun 2019 15:35:03 GMT" time="108.854" errors="0">
  <testcase name="feature" time="84.636" classname="com.testautomation.TestRunner.TestRunner">
    <failure type="org.openqa.selenium.NoSuchSessionException" message="Session ID is null. Using WebDriver after calling quit()?
Build info: version: &amp;apos;3.11.0&amp;apos;, revision: &amp;apos;e59cfb3&amp;apos;, time: &amp;apos;2018-03-11T20:26:55.152Z&amp;apos;
System info: host: &amp;apos;Giridhars-MacBook-Air.local&amp;apos;, ip: &amp;apos;fe80:0:0:0:d2:bd0a:b0b5:290e%en0&amp;apos;, os.name: &amp;apos;Mac OS X&amp;apos;, os.arch: &amp;apos;x86_64&amp;apos;, os.version: &amp;apos;10.14.4&amp;apos;, java.version: &amp;apos;1.8.0_191&amp;apos;
Driver info: driver.version: RemoteWebDriver">
      <![CDATA[org.openqa.selenium.NoSuchSessionException: Session ID is null. Using WebDriver after calling quit()?
Build info: version: '3.11.0', revision: 'e59cfb3', time: '2018-03-11T20:26:55.152Z'
System info: host: 'Giridhars-MacBook-Air.local', ip: 'fe80:0:0:0:d2:bd0a:b0b5:290e%en0', os.name: 'Mac OS X', os.arch: 'x86_64', os.version: '10.14.4', java.version: '1.8.0_191'
Driver info: driver.version: RemoteWebDriver
at org.openqa.selenium.remote.HttpCommandExecutor.execute(HttpCommandExecutor.java:125)
at org.openqa.selenium.remote.service.DriverCommandExecutor.execute(DriverCommandExecutor.java:83)
at org.openqa.selenium.remote.RemoteWebDriver.execute(RemoteWebDriver.java:545)
at org.openqa.selenium.remote.RemoteWebDriver.execute(RemoteWebDriver.java:602)
at org.openqa.selenium.remote.RemoteWebDriver.getScreenshotAs(RemoteWebDriver.java:291)
at com.testautomation.Listeners.ExtentReportListener.captureScreenShot(ExtentReportListener.java:73)
at com.testautomation.Listeners.ExtentReportListener.testStepHandle(ExtentReportListener.java:52)
at com.testautomation.StepDef.YoutubeChannelValidationsStepDef.validate_channel_name(YoutubeChannelValidationsStepDef.java:125)
at ✽.Validate channel name(./features/YoutubeChannelValidation.feature:31)
]]>
    </failure>
  </testcase> <!-- feature -->
  <testcase name="feature" time="84.784" classname="com.testautomation.TestRunner.TestRunner">
    <failure type="org.openqa.selenium.NoSuchSessionException" message="Session ID is null. Using WebDriver after calling quit()?
Build info: version: &amp;apos;3.11.0&amp;apos;, revision: &amp;apos;e59cfb3&amp;apos;, time: &amp;apos;2018-03-11T20:26:55.152Z&amp;apos;
System info: host: &amp;apos;Giridhars-MacBook-Air.local&amp;apos;, ip: &amp;apos;fe80:0:0:0:d2:bd0a:b0b5:290e%en0&amp;apos;, os.name: &amp;apos;Mac OS X&amp;apos;, os.arch: &amp;apos;x86_64&amp;apos;, os.version: &amp;apos;10.14.4&amp;apos;, java.version: &amp;apos;1.8.0_191&amp;apos;
Driver info: driver.version: RemoteWebDriver">
      <![CDATA[org.openqa.selenium.NoSuchSessionException: Session ID is null. Using WebDriver after calling quit()?
Build info: version: '3.11.0', revision: 'e59cfb3', time: '2018-03-11T20:26:55.152Z'
System info: host: 'Giridhars-MacBook-Air.local', ip: 'fe80:0:0:0:d2:bd0a:b0b5:290e%en0', os.name: 'Mac OS X', os.arch: 'x86_64', os.version: '10.14.4', java.version: '1.8.0_191'
Driver info: driver.version: RemoteWebDriver
at org.openqa.selenium.remote.HttpCommandExecutor.execute(HttpCommandExecutor.java:125)
at org.openqa.selenium.remote.service.DriverCommandExecutor.execute(DriverCommandExecutor.java:83)
at org.openqa.selenium.remote.RemoteWebDriver.execute(RemoteWebDriver.java:545)
at org.openqa.selenium.remote.RemoteWebDriver.execute(RemoteWebDriver.java:602)
at org.openqa.selenium.remote.RemoteWebDriver.getScreenshotAs(RemoteWebDriver.java:291)
at com.testautomation.Listeners.ExtentReportListener.captureScreenShot(ExtentReportListener.java:73)
at com.testautomation.Listeners.ExtentReportListener.testStepHandle(ExtentReportListener.java:52)
at com.testautomation.StepDef.YoutubeChannelValidationsStepDef.validate_channel_name(YoutubeChannelValidationsStepDef.java:125)
at ✽.Validate channel name(./features/YoutubeChannelValidation.feature:7)
]]>
    </failure>
  </testcase> <!-- feature -->
  <testcase name="feature" time="85.556" classname="com.testautomation.TestRunner.TestRunner">
    <failure type="org.openqa.selenium.NoSuchSessionException" message="Session ID is null. Using WebDriver after calling quit()?
Build info: version: &amp;apos;3.11.0&amp;apos;, revision: &amp;apos;e59cfb3&amp;apos;, time: &amp;apos;2018-03-11T20:26:55.152Z&amp;apos;
System info: host: &amp;apos;Giridhars-MacBook-Air.local&amp;apos;, ip: &amp;apos;fe80:0:0:0:d2:bd0a:b0b5:290e%en0&amp;apos;, os.name: &amp;apos;Mac OS X&amp;apos;, os.arch: &amp;apos;x86_64&amp;apos;, os.version: &amp;apos;10.14.4&amp;apos;, java.version: &amp;apos;1.8.0_191&amp;apos;
Driver info: driver.version: RemoteWebDriver">
      <![CDATA[org.openqa.selenium.NoSuchSessionException: Session ID is null. Using WebDriver after calling quit()?
Build info: version: '3.11.0', revision: 'e59cfb3', time: '2018-03-11T20:26:55.152Z'
System info: host: 'Giridhars-MacBook-Air.local', ip: 'fe80:0:0:0:d2:bd0a:b0b5:290e%en0', os.name: 'Mac OS X', os.arch: 'x86_64', os.version: '10.14.4', java.version: '1.8.0_191'
Driver info: driver.version: RemoteWebDriver
at org.openqa.selenium.remote.HttpCommandExecutor.execute(HttpCommandExecutor.java:125)
at org.openqa.selenium.remote.service.DriverCommandExecutor.execute(DriverCommandExecutor.java:83)
at org.openqa.selenium.remote.RemoteWebDriver.execute(RemoteWebDriver.java:545)
at org.openqa.selenium.remote.RemoteWebDriver.execute(RemoteWebDriver.java:602)
at org.openqa.selenium.remote.RemoteWebDriver.getScreenshotAs(RemoteWebDriver.java:291)
at com.testautomation.Listeners.ExtentReportListener.captureScreenShot(ExtentReportListener.java:73)
at com.testautomation.Listeners.ExtentReportListener.testStepHandle(ExtentReportListener.java:52)
at com.testautomation.StepDef.YoutubeChannelValidationsStepDef.validate_channel_name(YoutubeChannelValidationsStepDef.java:125)
at ✽.Validate channel name(./features/YoutubeChannelValidation.feature:43)
]]>
    </failure>
  </testcase> <!-- feature -->
  <testcase name="feature" time="87.018" classname="com.testautomation.TestRunner.TestRunner">
    <failure type="org.openqa.selenium.NoSuchSessionException" message="Session ID is null. Using WebDriver after calling quit()?
Build info: version: &amp;apos;3.11.0&amp;apos;, revision: &amp;apos;e59cfb3&amp;apos;, time: &amp;apos;2018-03-11T20:26:55.152Z&amp;apos;
System info: host: &amp;apos;Giridhars-MacBook-Air.local&amp;apos;, ip: &amp;apos;fe80:0:0:0:d2:bd0a:b0b5:290e%en0&amp;apos;, os.name: &amp;apos;Mac OS X&amp;apos;, os.arch: &amp;apos;x86_64&amp;apos;, os.version: &amp;apos;10.14.4&amp;apos;, java.version: &amp;apos;1.8.0_191&amp;apos;
Driver info: driver.version: RemoteWebDriver">
      <![CDATA[org.openqa.selenium.NoSuchSessionException: Session ID is null. Using WebDriver after calling quit()?
Build info: version: '3.11.0', revision: 'e59cfb3', time: '2018-03-11T20:26:55.152Z'
System info: host: 'Giridhars-MacBook-Air.local', ip: 'fe80:0:0:0:d2:bd0a:b0b5:290e%en0', os.name: 'Mac OS X', os.arch: 'x86_64', os.version: '10.14.4', java.version: '1.8.0_191'
Driver info: driver.version: RemoteWebDriver
at org.openqa.selenium.remote.HttpCommandExecutor.execute(HttpCommandExecutor.java:125)
at org.openqa.selenium.remote.service.DriverCommandExecutor.execute(DriverCommandExecutor.java:83)
at org.openqa.selenium.remote.RemoteWebDriver.execute(RemoteWebDriver.java:545)
at org.openqa.selenium.remote.RemoteWebDriver.execute(RemoteWebDriver.java:602)
at org.openqa.selenium.remote.RemoteWebDriver.getScreenshotAs(RemoteWebDriver.java:291)
at com.testautomation.Listeners.ExtentReportListener.captureScreenShot(ExtentReportListener.java:73)
at com.testautomation.Listeners.ExtentReportListener.testStepHandle(ExtentReportListener.java:52)
at com.testautomation.StepDef.YoutubeChannelValidationsStepDef.validate_channel_name(YoutubeChannelValidationsStepDef.java:125)
at ✽.Validate channel name(./features/YoutubeChannelValidation.feature:37)
]]>
    </failure>
  </testcase> <!-- feature -->
  <testcase name="feature" time="98.986" classname="com.testautomation.TestRunner.TestRunner">
    <failure type="org.openqa.selenium.NoSuchSessionException" message="Session ID is null. Using WebDriver after calling quit()?
Build info: version: &amp;apos;3.11.0&amp;apos;, revision: &amp;apos;e59cfb3&amp;apos;, time: &amp;apos;2018-03-11T20:26:55.152Z&amp;apos;
System info: host: &amp;apos;Giridhars-MacBook-Air.local&amp;apos;, ip: &amp;apos;fe80:0:0:0:d2:bd0a:b0b5:290e%en0&amp;apos;, os.name: &amp;apos;Mac OS X&amp;apos;, os.arch: &amp;apos;x86_64&amp;apos;, os.version: &amp;apos;10.14.4&amp;apos;, java.version: &amp;apos;1.8.0_191&amp;apos;
Driver info: driver.version: RemoteWebDriver">
      <![CDATA[org.openqa.selenium.NoSuchSessionException: Session ID is null. Using WebDriver after calling quit()?
Build info: version: '3.11.0', revision: 'e59cfb3', time: '2018-03-11T20:26:55.152Z'
System info: host: 'Giridhars-MacBook-Air.local', ip: 'fe80:0:0:0:d2:bd0a:b0b5:290e%en0', os.name: 'Mac OS X', os.arch: 'x86_64', os.version: '10.14.4', java.version: '1.8.0_191'
Driver info: driver.version: RemoteWebDriver
at org.openqa.selenium.remote.HttpCommandExecutor.execute(HttpCommandExecutor.java:125)
at org.openqa.selenium.remote.service.DriverCommandExecutor.execute(DriverCommandExecutor.java:83)
at org.openqa.selenium.remote.RemoteWebDriver.execute(RemoteWebDriver.java:545)
at org.openqa.selenium.remote.RemoteWebDriver.execute(RemoteWebDriver.java:602)
at org.openqa.selenium.remote.RemoteWebDriver.getScreenshotAs(RemoteWebDriver.java:291)
at com.testautomation.Listeners.ExtentReportListener.captureScreenShot(ExtentReportListener.java:73)
at com.testautomation.Listeners.ExtentReportListener.testStepHandle(ExtentReportListener.java:52)
at com.testautomation.StepDef.YoutubeChannelValidationsStepDef.click_on_channel_name(YoutubeChannelValidationsStepDef.java:106)
at ✽.Click on channel name(./features/YoutubeChannelValidation.feature:12)
]]>
    </failure>
  </testcase> <!-- feature -->
  <testcase name="feature" time="106.897" classname="com.testautomation.TestRunner.TestRunner"/>
  <testcase name="feature" time="107.475" classname="com.testautomation.TestRunner.TestRunner"/>
  <testcase name="feature" time="107.992" classname="com.testautomation.TestRunner.TestRunner"/>
  <testcase name="feature" time="108.336" classname="com.testautomation.TestRunner.TestRunner"/>
</testsuite> <!-- Automation Test Report -->
